Stress sweep on LIVE schedule (production stake_calculator) — 1000 runs/cell
Bust = bankroll falls below min-stake floor.


==================================================================================================================================
HORIZON: 6mo (180 days, 1,800 bets)
==================================================================================================================================
 start$ |      optimistic 1.0×      |      realistic 0.7×       |     pessimistic 0.4×      |      worst-case 0.2×     
        | bust%  medX     P5     P1 | bust%  medX     P5     P1 | bust%  medX     P5     P1 | bust%  medX     P5     P1
----------------------------------------------------------------------------------------------------------------------------------
    250 |  0.0% 1.83×    133     82 |  0.0% 1.30×    107     70 |  0.0% 0.91×     84     53 |  0.0% 0.78×     70     49
    500 |  0.0% 1.88×    204    131 |  0.0% 1.36×    166    114 |  0.0% 0.93×    132     89 |  0.0% 0.70×    109     80
   1000 |  0.0% 2.18×    360    201 |  0.0% 1.23×    260    176 |  0.0% 0.81×    200    133 |  0.0% 0.63×    166    122
   2500 |  0.0% 2.32×    752    396 |  0.0% 1.57×    535    305 |  0.0% 1.05×    363    221 |  0.0% 0.69×    280    200
   5000 |  0.0% 2.14×   2024    767 |  0.0% 1.47×   1130    599 |  0.0% 0.99×    768    423 |  0.0% 0.76×    573    346
  10000 |  0.0% 2.14×   4280   1951 |  0.0% 1.44×   2900   1291 |  0.0% 0.97×   1844    821 |  0.0% 0.75×   1226    660

==================================================================================================================================
HORIZON: 1yr (365 days, 3,650 bets)
==================================================================================================================================
 start$ |      optimistic 1.0×      |      realistic 0.7×       |     pessimistic 0.4×      |      worst-case 0.2×     
        | bust%  medX     P5     P1 | bust%  medX     P5     P1 | bust%  medX     P5     P1 | bust%  medX     P5     P1
----------------------------------------------------------------------------------------------------------------------------------
    250 |  0.0% 3.79×    159     81 |  0.0% 1.86×    102     54 |  0.0% 0.91×     60     36 |  0.0% 0.70×     39     19
    500 |  0.0% 5.26×    233    131 |  0.0% 1.82×    146     84 |  0.0% 0.84×     93     52 |  0.0% 0.51×     63     34
   1000 |  0.0% 5.45×    406    187 |  0.0% 2.23×    215    127 |  0.0% 0.77×    137     79 |  0.0% 0.48×     93     52
   2500 |  0.0% 5.25×    908    337 |  0.0% 2.40×    412    211 |  0.0% 1.07×    217    129 |  0.0% 0.45×    148     83
   5000 |  0.0% 4.92×   2518    723 |  0.0% 2.29×    885    353 |  0.0% 1.07×    409    195 |  0.0% 0.64×    240    131
  10000 |  0.0% 4.84×   5276   1302 |  0.0% 2.25×   2174    716 |  0.0% 1.01×    854    342 |  0.0% 0.61×    455    227

==================================================================================================================================
HORIZON: 2yr (730 days, 7,300 bets)
==================================================================================================================================
 start$ |      optimistic 1.0×      |      realistic 0.7×       |     pessimistic 0.4×      |      worst-case 0.2×     
        | bust%  medX     P5     P1 | bust%  medX     P5     P1 | bust%  medX     P5     P1 | bust%  medX     P5     P1
----------------------------------------------------------------------------------------------------------------------------------
    250 |  0.0% 27.95×    226     99 |  0.1% 3.96×     98     40 |  0.6% 1.02×     36     12 |  2.8% 0.55×     16      0
    500 |  0.0% 30.06×    377    157 |  0.0% 5.48×    136     63 |  0.3% 0.93×     54     22 |  1.1% 0.40×     27      0
   1000 |  0.0% 28.47×    725    195 |  0.0% 5.49×    184     89 |  0.1% 0.81×     72     34 |  0.4% 0.28×     41     15
   2500 |  0.0% 30.37×   2126    467 |  0.0% 5.90×    366    130 |  0.0% 1.12×    116     51 |  0.1% 0.27×     58     29
   5000 |  0.0% 29.64×   5092    996 |  0.0% 6.09×    738    194 |  0.0% 1.21×    178     82 |  0.0% 0.34×     88     40
  10000 |  0.0% 28.85×  10184   2719 |  0.0% 5.77×   2242    479 |  0.0% 1.22×    323    121 |  0.0% 0.40×    141     67

==================================================================================================================================
BUST-RISK SUMMARY (only flags cells with bust > 1%)
==================================================================================================================================
⚠ 2 cell(s) above 1% bust:
    2yr @ $  250 under      worst-case 0.2×: 2.8% bust
    2yr @ $  500 under      worst-case 0.2×: 1.1% bust
