Pooled / Silo / Hybrid (real workflow) — 10/day × 180d × 500 runs/tier
Providers: 1 unlimited @ 40% start / 4 softs @ 15% each. Bet routing 30% / 17.5%×4.
Hybrid = unlimited pooled, softs siloed for sizing, any soft profit above starting is arbed to unlimited.
Stake schedule: dynamic cap+maxK per current bankroll (matches dynamic_stake_sim).

============================================================================================================================================
THREE REGIMES — median terminal + time-to-2x
============================================================================================================================================
 start$ |         POOLED (free transfer)         |               SILO (no transfer)               |         HYBRID (soft arbs → unlimited)        
        |      med  ×grw   2x%   2xd     P5 |      med  ×grw   2x%   2xd     P5  bust skip% |      med  ×grw   2x%   2xd     P5  drain
--------------------------------------------------------------------------------------------------------------------------------------------
    250 |      335 1.34×   55%    73    117 |      285 1.14×    1%   149    214  0.0%  0.0% |      284 1.14×    3%   171    210     41
    500 |      696 1.39×   61%    72    179 |      559 1.12×    3%   167    427  0.0%  0.0% |      548 1.10×    7%   158    414     77
   1000 |     1356 1.36×   62%    59    298 |     1125 1.12×    5%   156    813  0.0%  0.0% |     1131 1.13×    9%   147    772    154
   2500 |     4066 1.63×   65%    68    606 |     2881 1.15×   10%   132   1930  0.0%  0.0% |     2904 1.16×   15%   121   1835    519
   5000 |     7667 1.53×   62%    72   1475 |     6062 1.21×    7%   142   3772  0.0%  0.0% |     5900 1.18×   10%   139   3527   1052

============================================================================================================================================
DELTA — pooled vs hybrid vs silo
============================================================================================================================================
 start$ |  pool med   hyb med  silo med | hyb / silo pool / hyb pool / silo |     2xd P/H/S  S→H saved
--------------------------------------------------------------------------------------------------------------------------------------------
    250 |       335       284       285 |      1.00×      1.18×       1.18× |    73/171/149        -22
    500 |       696       548       559 |      0.98×      1.27×       1.24× |    72/158/167          9
   1000 |      1356      1131      1125 |      1.01×      1.20×       1.21× |    59/147/156          9
   2500 |      4066      2904      2881 |      1.01×      1.40×       1.41× |    68/121/132         11
   5000 |      7667      5900      6062 |      0.97×      1.30×       1.26× |    72/139/142          3

============================================================================================================================================
HYBRID DETAILS — unlimited terminal + $ arbed in from softs
============================================================================================================================================
 start$ | unlim start  unlim term  unlim × | arbed in $ arb / start
--------------------------------------------------------------------------------------------------------------------------------------------
    250 |         100         159    1.59× |         41       16.5%
    500 |         200         296    1.48× |         77       15.4%
   1000 |         400         631    1.58× |        154       15.4%
   2500 |        1000        1690    1.69× |        519       20.8%
   5000 |        2000        3576    1.79× |       1052       21.0%

============================================================================================================================================
READING THIS
============================================================================================================================================
• POOLED = upper bound. Stakes sized off TOTAL bankroll, zero transfer friction.
• SILO   = lower bound. Stakes sized off each provider's own balance, no transfers ever.
• HYBRID = the regime we actually run. Unlimited pooled (Pinnacle/Cloudbet/Kalshi/Polymarket)
           as one balance, softs siloed for sizing, profit above starting arbs to unlimited.
• 'drain' = median $ arbed from softs → unlimited over the 180-day run.
• 'arb / start' = drain expressed as fraction of starting TOTAL bankroll.
• 'S→H saved' = days hybrid saves vs pure silo on time-to-2x.
