MC sim: $45.0 polymarket value bets, 10/day × 180 days, 1000 runs/combo


==============================================================================================================
EDGE: optimistic (1.0x)
==============================================================================================================
     profile   cap  maxK  min$ |  med30d  med90d  medTerm      P5      P95 |   %>2x  days2x   %>5x  days5x   %>10x  days10x |  bust%
----------------------------------------------------------------------------------------------------------------------------------
     CURRENT    2%  0.75  1.00 |    59.5   100.5    164.5     0.4    932.5 |    83%      38    50%     105     24%      138 |  17.0%
        SAFE    2%  0.50  0.50 |    56.0    84.3    141.2    24.9    519.4 |    87%      56    40%     129     10%      148 |   3.3%
    BALANCED    5%  0.75  0.50 |    60.7   106.6    191.4     0.3   1501.7 |    88%      33    58%      91     34%      125 |   9.9%
  AGGRESSIVE   10%  1.00  0.50 |    60.3   109.1    195.8     0.2   3184.0 |    85%      25    65%      79     45%      102 |  15.1%
   VERY_AGGR   15%  1.00  0.25 |    62.3   107.3    196.2     0.1   3210.8 |    85%      25    64%      77     45%      111 |   9.0%
  FULL_KELLY   25%  1.50  0.25 |    55.8    93.5    120.4     0.0   6503.4 |    80%      14    62%      50     49%       79 |  27.8%

==============================================================================================================
EDGE: realistic (0.7x)
==============================================================================================================
     profile   cap  maxK  min$ |  med30d  med90d  medTerm      P5      P95 |   %>2x  days2x   %>5x  days5x   %>10x  days10x |  bust%
----------------------------------------------------------------------------------------------------------------------------------
     CURRENT    2%  0.75  1.00 |    55.2    79.7    104.1     0.3    571.1 |    76%      40    36%     112     14%      138 |  25.2%
        SAFE    2%  0.50  0.50 |    52.3    71.9    101.2     0.3    346.6 |    73%      62    22%     127      4%      156 |   7.2%
    BALANCED    5%  0.75  0.50 |    53.6    78.2    115.0     0.2    806.1 |    79%      37    44%     102     18%      135 |  15.5%
  AGGRESSIVE   10%  1.00  0.50 |    50.4    66.9     78.2     0.1   1176.4 |    74%      26    47%      82     26%      110 |  29.5%
   VERY_AGGR   15%  1.00  0.25 |    52.2    68.6     95.0     0.1   1280.3 |    77%      27    47%      81     27%      113 |  16.6%
  FULL_KELLY   25%  1.50  0.25 |    44.7    37.0     15.7     0.0   2602.2 |    72%      16    48%      53     33%       77 |  41.7%

==============================================================================================================
EDGE: pessimistic (0.4x)
==============================================================================================================
     profile   cap  maxK  min$ |  med30d  med90d  medTerm      P5      P95 |   %>2x  days2x   %>5x  days5x   %>10x  days10x |  bust%
----------------------------------------------------------------------------------------------------------------------------------
     CURRENT    2%  0.75  1.00 |    50.2    58.9     55.1     0.2    368.4 |    63%      44    22%     119      6%      145 |  38.1%
        SAFE    2%  0.50  0.50 |    47.7    55.2     60.8     0.2    240.3 |    57%      66    11%     131      1%      150 |  15.5%
    BALANCED    5%  0.75  0.50 |    46.5    52.6     56.0     0.1    417.3 |    66%      36    26%      98      9%      126 |  26.5%
  AGGRESSIVE   10%  1.00  0.50 |    44.0    41.9     27.7     0.1    644.5 |    66%      25    33%      83     16%      114 |  40.8%
   VERY_AGGR   15%  1.00  0.25 |    41.9    39.3     29.6     0.1    520.4 |    64%      27    31%      81     13%      112 |  28.9%
  FULL_KELLY   25%  1.50  0.25 |    33.6    15.3      0.2     0.0    557.3 |    61%      14    34%      53     18%       73 |  58.0%
