Soft seeding — pooled stake calc, 10/day × 180d × 500 runs/cell
4 softs each get ~17.5% of bets, target = seed_pct × current pool, scales as pool grows.
Arb-out trigger: balance > 2.0× target → sweep excess to unlimited.
Refill trigger:  balance < 0.5× target → top up from unlimited.


========================================================================================================================
START TOTAL = $250
========================================================================================================================
seed%  seed/soft  softs all   unlim | transfers  /month  arbs refills |   $ arbed $ refilled | growth
------------------------------------------------------------------------------------------------------------------------
   5% $      12 $      50 $  200 |       173   28.8/mo    50     123 | $    1257 $     1150 |  1.34×
  10% $      25 $     100 $  150 |        60   10.0/mo    19      41 | $     779 $      714 |  1.34×
  15% $      38 $     150 $  100 |        30    5.0/mo     9      20 | $     518 $      507 |  1.34×
  20% $      50 $     200 $   50 |        18    3.0/mo     6      12 | $     380 $      424 |  1.34×

========================================================================================================================
START TOTAL = $500
========================================================================================================================
seed%  seed/soft  softs all   unlim | transfers  /month  arbs refills |   $ arbed $ refilled | growth
------------------------------------------------------------------------------------------------------------------------
   5% $      25 $     100 $  400 |       209   34.8/mo    59     150 | $    3226 $     3015 |  1.39×
  10% $      50 $     200 $  300 |        77   12.8/mo    24      53 | $    2056 $     1933 |  1.39×
  15% $      75 $     300 $  200 |        39    6.5/mo    13      26 | $    1388 $     1373 |  1.39×
  20% $     100 $     400 $  100 |        24    4.0/mo     8      16 | $    1092 $     1147 |  1.39×

========================================================================================================================
START TOTAL = $1000
========================================================================================================================
seed%  seed/soft  softs all   unlim | transfers  /month  arbs refills |   $ arbed $ refilled | growth
------------------------------------------------------------------------------------------------------------------------
   5% $      50 $     200 $  800 |       230   38.3/mo    63     166 | $    7530 $     7133 |  1.36×
  10% $     100 $     400 $  600 |        86   14.3/mo    27      59 | $    4866 $     4651 |  1.36×
  15% $     150 $     600 $  400 |        43    7.2/mo    14      29 | $    3445 $     3403 |  1.36×
  20% $     200 $     800 $  200 |        27    4.5/mo     9      18 | $    2633 $     2752 |  1.36×

========================================================================================================================
START TOTAL = $2500
========================================================================================================================
seed%  seed/soft  softs all   unlim | transfers  /month  arbs refills |   $ arbed $ refilled | growth
------------------------------------------------------------------------------------------------------------------------
   5% $     125 $     500 $ 2000 |       224   37.3/mo    62     162 | $   17757 $    16749 |  1.63×
  10% $     250 $    1000 $ 1500 |        84   14.0/mo    26      58 | $   11361 $    10507 |  1.63×
  15% $     375 $    1500 $ 1000 |        43    7.2/mo    14      29 | $    7691 $     7838 |  1.63×
  20% $     500 $    2000 $  500 |        26    4.3/mo     9      18 | $    5998 $     6404 |  1.63×

========================================================================================================================
START TOTAL = $5000
========================================================================================================================
seed%  seed/soft  softs all   unlim | transfers  /month  arbs refills |   $ arbed $ refilled | growth
------------------------------------------------------------------------------------------------------------------------
   5% $     250 $    1000 $ 4000 |       208   34.7/mo    58     149 | $   31720 $    29374 |  1.53×
  10% $     500 $    2000 $ 3000 |        76   12.7/mo    24      53 | $   19903 $    18730 |  1.53×
  15% $     750 $    3000 $ 2000 |        39    6.5/mo    13      26 | $   13520 $    13375 |  1.53×
  20% $    1000 $    4000 $ 1000 |        24    4.0/mo     8      16 | $   10289 $    11099 |  1.53×

========================================================================================================================
READING THIS
========================================================================================================================
• 'seed/soft'    = cash at EACH of 4 softs at the start; sum of 4 + 'unlim' = total bankroll.
• 'transfers'    = total bookkeeping events (arb-out + refill-in) over 180 days.
• '/month'       = transfers expressed as a monthly cadence — the convenience cost.
• '$ arbed'      = total dollars swept from softs → unlimited over 180 days.
• '$ refilled'   = total dollars sent from unlimited → softs to keep bets coverable.
• 'growth'       = pool terminal / start. Same across seed levels (sizing is pool-based).

Sweet spot: smallest seed% where transfers/month feels acceptable AND no row above it
shows a 10× jump in transfer count. Larger seed = fewer transfers but more cash exposed at softs.
